08:57:40 <INFO> Started REINVENT 4.5.11 (C) AstraZeneca 2017, 2023 on 2025-05-28
08:57:40 <INFO> Command line: /home/wouter/reinvent4/bin/reinvent -l scoring.log ./configs/toml/scoring.toml
08:57:40 <INFO> Reading run configuration from /home/wouter/VECMA/Python/REINVENT4/REINVENT4_UQ/configs/toml/scoring.toml using format toml
08:57:40 <INFO> User wouter on host wouter-XPS-13-7390
08:57:40 <INFO> Python version 3.10.12
08:57:40 <INFO> PyTorch version 2.6.0+cpu, git 2236df1770800ffea5697b11b0bb0d910b2e59e1
08:57:40 <INFO> PyTorch compiled with CUDA version None
08:57:40 <INFO> RDKit version 2023.09.5
08:57:40 <INFO> Platform Linux-6.8.0-60-generic-x86_64-with-glibc2.39
08:57:40 <INFO> Number of PyTorch CUDA devices 0
08:57:40 <INFO> Using CPU x86_64
08:57:40 <INFO> Writing JSON config file to /home/wouter/VECMA/Python/REINVENT4/REINVENT4_UQ/_scoring.json
08:57:40 <INFO> Scoring SMILES from file /home/wouter/VECMA/Python/REINVENT4/REINVENT4_UQ/sampling3.smi
08:57:40 <INFO> Standardizing input SMILES
08:57:40 <INFO> Applying filter get_largest_fragment to input SMILES
08:57:40 <INFO> Applying filter general_cleanup to input SMILES
08:57:40 <INFO> Stereochemistry kept in input SMILES
08:57:40 <INFO> Registered scoring component ROCSSimilarity
08:57:40 <INFO> Registered scoring component GroupCount
08:57:40 <INFO> Registered scoring component FragmentQed
08:57:40 <INFO> Registered scoring component FragmentSlogP
08:57:40 <INFO> Registered scoring component FragmentMolecularWeight
08:57:40 <INFO> Registered scoring component FragmentTPSA
08:57:40 <INFO> Registered scoring component FragmentDistanceMatrix
08:57:40 <INFO> Registered scoring component FragmentNumAtomStereoCenters
08:57:40 <INFO> Registered scoring component FragmentHBondAcceptors
08:57:40 <INFO> Registered scoring component FragmentHBondDonors
08:57:40 <INFO> Registered scoring component FragmentNumRotBond
08:57:40 <INFO> Registered scoring component FragmentCsp3
08:57:40 <INFO> Registered scoring component Fragmentnumsp
08:57:40 <INFO> Registered scoring component Fragmentnumsp2
08:57:40 <INFO> Registered scoring component Fragmentnumsp3
08:57:40 <INFO> Registered scoring component FragmentEffectiveLength
08:57:40 <INFO> Registered scoring component FragmentGraphLength
08:57:40 <INFO> Registered scoring component FragmentLengthRatio
08:57:40 <INFO> Registered scoring component FragmentNumHeavyAtoms
08:57:40 <INFO> Registered scoring component FragmentNumHeteroAtoms
08:57:40 <INFO> Registered scoring component FragmentNumRings
08:57:40 <INFO> Registered scoring component FragmentNumAromaticRings
08:57:40 <INFO> Registered scoring component FragmentNumAliphaticRings
08:57:40 <INFO> Registered scoring component FragmentSlogP
08:57:40 <INFO> Registered scoring component MatchingSubstructure
08:57:40 <INFO> Registered scoring component MolVolume
08:57:40 <INFO> Registered scoring component Qed
08:57:40 <INFO> Registered scoring component SlogP
08:57:40 <INFO> Registered scoring component MolecularWeight
08:57:40 <INFO> Registered scoring component GraphLength
08:57:40 <INFO> Registered scoring component NumAtomStereoCenters
08:57:40 <INFO> Registered scoring component HBondAcceptors
08:57:40 <INFO> Registered scoring component HBondDonors
08:57:40 <INFO> Registered scoring component NumRotBond
08:57:40 <INFO> Registered scoring component Csp3
08:57:40 <INFO> Registered scoring component numsp
08:57:40 <INFO> Registered scoring component numsp2
08:57:40 <INFO> Registered scoring component numsp3
08:57:40 <INFO> Registered scoring component NumHeavyAtoms
08:57:40 <INFO> Registered scoring component NumHeteroAtoms
08:57:40 <INFO> Registered scoring component NumRings
08:57:40 <INFO> Registered scoring component NumAromaticRings
08:57:40 <INFO> Registered scoring component NumAliphaticRings
08:57:40 <INFO> Registered scoring component SlogP
08:57:40 <INFO> Registered scoring component PMI
08:57:40 <INFO> Registered scoring component RDKitDescriptors
08:57:40 <INFO> Registered scoring component TanimotoSimilarity
08:57:40 <INFO> Registered scoring component TanimotoDistance
08:57:40 <INFO> Registered scoring component TPSA
08:57:40 <INFO> Registered scoring component SAScore
08:57:41 <INFO> Registered scoring component ChemProp
08:57:41 <INFO> Registered scoring component CustomAlerts
08:57:41 <INFO> Registered scoring component DockStream
08:57:41 <INFO> Registered scoring component ExternalProcess
08:57:41 <INFO> Registered scoring component REST
08:57:41 <INFO> Registered scoring component Icolos
08:57:41 <INFO> Registered scoring component Maize
08:57:41 <INFO> Registered scoring component MMP
08:57:41 <INFO> Registered scoring component Qptuna
08:57:41 <INFO> Registered scoring component ReactionFilter
08:57:41 <INFO> Creating filter component custom_alerts
08:57:41 <INFO> Creating scoring component QED
08:57:41 <INFO> Creating scoring component MolecularWeight
08:57:41 <INFO> Creating scoring component TanimotoDistance
08:57:41 <INFO> Creating scoring component pmi
08:57:41 <INFO> Number of SMILES processed: 1
08:57:41 <INFO> Writing scoring results to /home/wouter/VECMA/Python/REINVENT4/REINVENT4_UQ/scoring.csv
08:57:41 <INFO> Peak main memory usage: 543.211 MiB
08:57:41 <INFO> Finished REINVENT on 2025-05-28
